E:\AGA STUDIA\SEMESTR 2\JPWP\ZADANIA DOMOWE\LIBRARY - KOPIA\LIBRARY\DEBUG\TEXTFILES.OBJ
E:\AGA STUDIA\SEMESTR 2\JPWP\ZADANIA DOMOWE\LIBRARY - KOPIA\LIBRARY\DEBUG\SEARCHINGWINDOW.OBJ
E:\AGA STUDIA\SEMESTR 2\JPWP\ZADANIA DOMOWE\LIBRARY - KOPIA\LIBRARY\DEBUG\POLISHBOOKWINDOW.OBJ
E:\AGA STUDIA\SEMESTR 2\JPWP\ZADANIA DOMOWE\LIBRARY - KOPIA\LIBRARY\DEBUG\POLISHBOOK.OBJ
E:\AGA STUDIA\SEMESTR 2\JPWP\ZADANIA DOMOWE\LIBRARY - KOPIA\LIBRARY\DEBUG\MAGAZINEWINDOW.OBJ
E:\AGA STUDIA\SEMESTR 2\JPWP\ZADANIA DOMOWE\LIBRARY - KOPIA\LIBRARY\DEBUG\MAGAZINE.OBJ
E:\AGA STUDIA\SEMESTR 2\JPWP\ZADANIA DOMOWE\LIBRARY - KOPIA\LIBRARY\DEBUG\ILUSTRATEDBOOKWINDOW.OBJ
E:\AGA STUDIA\SEMESTR 2\JPWP\ZADANIA DOMOWE\LIBRARY - KOPIA\LIBRARY\DEBUG\ILUSTRATEDBOOK.OBJ
E:\AGA STUDIA\SEMESTR 2\JPWP\ZADANIA DOMOWE\LIBRARY - KOPIA\LIBRARY\DEBUG\FOREIGNBOOKWINDOW.OBJ
E:\AGA STUDIA\SEMESTR 2\JPWP\ZADANIA DOMOWE\LIBRARY - KOPIA\LIBRARY\DEBUG\FOREIGNBOOK.OBJ
E:\AGA STUDIA\SEMESTR 2\JPWP\ZADANIA DOMOWE\LIBRARY - KOPIA\LIBRARY\DEBUG\BORROWINGWINDOW.OBJ
E:\AGA STUDIA\SEMESTR 2\JPWP\ZADANIA DOMOWE\LIBRARY - KOPIA\LIBRARY\DEBUG\BOOKWINDOW.OBJ
E:\AGA STUDIA\SEMESTR 2\JPWP\ZADANIA DOMOWE\LIBRARY - KOPIA\LIBRARY\DEBUG\BOOK.OBJ
E:\AGA STUDIA\SEMESTR 2\JPWP\ZADANIA DOMOWE\LIBRARY - KOPIA\LIBRARY\DEBUG\VC110.PDB
䍞尺獕牥屳杁屡敄歳潴屰楌牢牡⁹‭潋楰屡楌牢牡屹楌牢牡⹹捶灸潲൪䌊尺獕牥屳杁屡敄歳潴屰楌牢牡⁹‭潋楰屡楌牢牡屹敄畢屧楌牢牡⹹潂歯楗摮睯爮獥畯捲獥਍㩃啜敳獲䅜慧䑜獥瑫灯䱜扩慲祲ⴠ䬠灯慩䱜扩慲祲䑜扥杵䱜扩慲祲䈮牯潲楷杮楗摮睯爮獥畯捲獥਍㩃啜敳獲䅜慧䑜獥瑫灯䱜扩慲祲ⴠ䬠灯慩䱜扩慲祲䑜扥杵䱜扩慲祲倮汯獩䉨潯坫湩潤⹷敲潳牵散൳䌊尺獕牥屳杁屡敄歳潴屰楌牢牡⁹‭潋楰屡楌牢牡屹敄畢屧楌牢牡⹹敓牡档湩坧湩潤⹷敲潳牵散൳帊㩃啜敳獲䅜慧䑜獥瑫灯䱜扩慲祲ⴠ䬠灯慩䱜扩慲祲䱜扩慲祲瘮硣牰橯਍㩃啜敳獲䅜慧䑜獥瑫灯䱜扩慲祲ⴠ䬠灯慩䱜扩慲祲䑜扥杵䱜扩慲祲䈮潯坫湩潤⹷敲潳牵散൳䌊尺獕牥屳杁屡敄歳潴屰楌牢牡⁹‭潋楰屡楌牢牡屹敄畢屧楌牢牡⹹潂牲睯湩坧湩潤⹷敲潳牵散൳䌊尺獕牥屳杁屡敄歳潴屰楌牢牡⁹‭潋楰屡楌牢牡屹敄畢屧楌牢牡⹹潐楬桳潂歯楗摮睯爮獥畯捲獥਍㩃啜敳獲䅜慧䑜獥瑫灯䱜扩慲祲ⴠ䬠灯慩䱜扩慲祲䑜扥杵䱜扩慲祲匮慥捲楨杮楗摮睯爮獥畯捲獥਍䕞尺䝁⁁瑳摵慩卜浥獥牴㈠䩜坐屐慺慤楮⁡潤潭敷䱜扩慲祲ⴠ䬠灯慩䱜扩慲祲䱜扩慲祲瘮硣牰橯਍㩅䅜䅇猠畴楤屡敓敭瑳⁲尲偊偗穜摡湡慩搠浯睯履楌牢牡⁹‭潋楰屡楌牢牡屹敄畢屧楌牢牡⹹潂歯楗摮睯爮獥畯捲獥਍㩅䅜䅇猠畴楤屡敓敭瑳⁲尲偊偗穜摡湡慩搠浯睯履楌牢牡⁹‭潋楰屡楌牢牡屹敄畢屧楌牢牡⹹潂牲睯湩坧湩潤⹷敲潳牵散൳䔊尺䝁⁁瑳摵慩卜浥獥牴㈠䩜坐屐慺慤楮⁡潤潭敷䱜扩慲祲ⴠ䬠灯慩䱜扩慲祲䑜扥杵䱜扩慲祲倮汯獩䉨潯坫湩潤⹷敲潳牵散൳䔊尺䝁⁁瑳摵慩卜浥獥牴㈠䩜坐屐慺慤楮⁡潤潭敷䱜扩慲祲ⴠ䬠灯慩䱜扩慲祲䑜扥杵䱜扩慲祲匮慥捲楨杮楗摮睯爮獥畯捲獥਍䕞尺䝁⁁瑳摵慩卜浥獥牴㈠䩜坐屐慺慤楮⁡潤潭敷䱜扩慲祲ⴠ䬠灯慩䱜扩慲祲䱜扩慲祲瘮硣牰橯਍㩅䅜䅇猠畴楤屡敓敭瑳⁲尲偊偗穜摡湡慩搠浯睯履楌牢牡⁹‭潋楰屡楌牢牡屹敄畢屧楌牢牡⹹潂歯楗摮睯爮獥畯捲獥਍㩅䅜䅇猠畴楤屡敓敭瑳⁲尲偊偗穜摡湡慩搠浯睯履楌牢牡⁹‭潋楰屡楌牢牡屹敄畢屧楌牢牡⹹潂牲睯湩坧湩潤⹷敲潳牵散൳䔊尺䝁⁁瑳摵慩卜浥獥牴㈠䩜坐屐慺慤楮⁡潤潭敷䱜扩慲祲ⴠ䬠灯慩䱜扩慲祲䑜扥杵䱜扩慲祲倮汯獩䉨潯坫湩潤⹷敲潳牵散൳䔊尺䝁⁁瑳摵慩卜浥獥牴㈠䩜坐屐慺慤楮⁡潤潭敷䱜扩慲祲ⴠ䬠灯慩䱜扩慲祲䑜扥杵䱜扩慲祲匮慥捲楨杮楗摮睯爮獥畯捲獥਍䕞尺䝁⁁瑳摵慩卜浥獥牴㈠䩜坐屐慺慤楮⁡潤潭敷䱜扩慲祲ⴠ䬠灯慩䱜扩慲祲䱜扩慲祲瘮硣牰橯਍㩅䅜䅇猠畴楤屡敓敭瑳⁲尲偊偗穜摡湡慩搠浯睯履楌牢牡⁹‭潋楰屡楌牢牡屹敄畢屧楌牢牡⹹潂歯楗摮睯爮獥畯捲獥਍㩅䅜䅇猠畴楤屡敓敭瑳⁲尲偊偗穜摡湡慩搠浯睯履楌牢牡⁹‭潋楰屡楌牢牡屹敄畢屧楌牢牡⹹潂牲睯湩坧湩潤⹷敲潳牵散൳䔊尺䝁⁁瑳摵慩卜浥獥牴㈠䩜坐屐慺慤楮⁡潤潭敷䱜扩慲祲ⴠ䬠灯慩䱜扩慲祲䑜扥杵䱜扩慲祲倮汯獩䉨潯坫湩潤⹷敲潳牵散൳䔊尺䝁⁁瑳摵慩卜浥獥牴㈠䩜坐屐慺慤楮⁡潤潭敷䱜扩慲祲ⴠ䬠灯慩䱜扩慲祲䑜扥杵䱜扩慲祲匮慥捲楨杮楗摮睯爮獥畯捲獥਍䕞尺䝁⁁瑳摵慩卜浥獥牴㈠䩜坐屐慺慤楮⁡潤潭敷䱜扩慲祲ⴠ䬠灯慩䱜扩慲祲䱜扩慲祲瘮硣牰橯਍㩅䅜䅇猠畴楤屡敓敭瑳⁲尲偊偗穜摡湡慩搠浯睯履楌牢牡⁹‭潋楰屡楌牢牡屹敄畢屧楌牢牡⹹潂歯楗摮睯爮獥畯捲獥਍㩅䅜䅇猠畴楤屡敓敭瑳⁲尲偊偗穜摡湡慩搠浯睯履楌牢牡⁹‭潋楰屡楌牢牡屹敄畢屧楌牢牡⹹潂牲睯湩坧湩潤⹷敲潳牵散൳䔊尺䝁⁁瑳摵慩卜浥獥牴㈠䩜坐屐慺慤楮⁡潤潭敷䱜扩慲祲ⴠ䬠灯慩䱜扩慲祲䑜扥杵䱜扩慲祲倮汯獩䉨潯坫湩潤⹷敲潳牵散൳䔊尺䝁⁁瑳摵慩卜浥獥牴㈠䩜坐屐慺慤楮⁡潤潭敷䱜扩慲祲ⴠ䬠灯慩䱜扩慲祲䑜扥杵䱜扩慲祲匮慥捲楨杮楗摮睯爮獥畯捲獥਍
E:\AGA STUDIA\SEMESTR 2\JPWP\ZADANIA DOMOWE\LIBRARY - KOPIA\DEBUG\LIBRARY.ILK
E:\AGA STUDIA\SEMESTR 2\JPWP\ZADANIA DOMOWE\LIBRARY - KOPIA\DEBUG\LIBRARY.EXE
E:\AGA STUDIA\SEMESTR 2\JPWP\ZADANIA DOMOWE\LIBRARY - KOPIA\DEBUG\LIBRARY.PDB
E:\AGA studia\Semestr 2\JPWP\zadania domowe\Library - Kopia\Library\Debug\Library.vcxproj.GenerateResource.Cache
E:\AGA studia\Semestr 2\JPWP\zadania domowe\Library - Kopia\Library\Debug\Library.vcxprojResolveAssemblyReference.cache
E:\AGA studia\Semestr 2\JPWP\zadania domowe\Library - Kopia\Library\Debug\.NETFramework,Version=v4.6.1.AssemblyAttributes.obj
E:\AGA studia\Semestr 2\JPWP\zadania domowe\Library - Kopia\Library\Debug\Book.obj
E:\AGA studia\Semestr 2\JPWP\zadania domowe\Library - Kopia\Library\Debug\BookWindow.obj
E:\AGA studia\Semestr 2\JPWP\zadania domowe\Library - Kopia\Library\Debug\BorrowingWindow.obj
E:\AGA studia\Semestr 2\JPWP\zadania domowe\Library - Kopia\Library\Debug\ForeignBook.obj
E:\AGA studia\Semestr 2\JPWP\zadania domowe\Library - Kopia\Library\Debug\ForeignBookWindow.obj
E:\AGA studia\Semestr 2\JPWP\zadania domowe\Library - Kopia\Library\Debug\IlustratedBook.obj
E:\AGA studia\Semestr 2\JPWP\zadania domowe\Library - Kopia\Library\Debug\IlustratedBookWindow.obj
E:\AGA studia\Semestr 2\JPWP\zadania domowe\Library - Kopia\Library\Debug\Magazine.obj
E:\AGA studia\Semestr 2\JPWP\zadania domowe\Library - Kopia\Library\Debug\MagazineWindow.obj
E:\AGA studia\Semestr 2\JPWP\zadania domowe\Library - Kopia\Library\Debug\PolishBook.obj
E:\AGA studia\Semestr 2\JPWP\zadania domowe\Library - Kopia\Library\Debug\PolishBookWindow.obj
E:\AGA studia\Semestr 2\JPWP\zadania domowe\Library - Kopia\Library\Debug\SearchingWindow.obj
E:\AGA studia\Semestr 2\JPWP\zadania domowe\Library - Kopia\Library\Debug\TextFiles.obj
E:\AGA studia\Semestr 2\JPWP\zadania domowe\Library - Kopia\Library\Debug\Library.BookWindow.resources
E:\AGA studia\Semestr 2\JPWP\zadania domowe\Library - Kopia\Library\Debug\Library.BorrowingWindow.resources
E:\AGA studia\Semestr 2\JPWP\zadania domowe\Library - Kopia\Library\Debug\Library.PolishBookWindow.resources
E:\AGA studia\Semestr 2\JPWP\zadania domowe\Library - Kopia\Library\Debug\Library.SearchingWindow.resources
E:\AGA studia\Semestr 2\JPWP\zadania domowe\Library - Kopia\Library\Debug\cl.command.1.tlog
E:\AGA studia\Semestr 2\JPWP\zadania domowe\Library - Kopia\Library\Debug\CL.read.1.tlog
E:\AGA studia\Semestr 2\JPWP\zadania domowe\Library - Kopia\Library\Debug\CL.write.1.tlog
E:\AGA studia\Semestr 2\JPWP\zadania domowe\Library - Kopia\Library\Debug\Library.write.1.tlog
E:\AGA studia\Semestr 2\JPWP\zadania domowe\Library - Kopia\Library\Debug\link.1580-cvtres.read.1.tlog
E:\AGA studia\Semestr 2\JPWP\zadania domowe\Library - Kopia\Library\Debug\link.1580-cvtres.write.1.tlog
E:\AGA studia\Semestr 2\JPWP\zadania domowe\Library - Kopia\Library\Debug\link.1580-rc.read.1.tlog
E:\AGA studia\Semestr 2\JPWP\zadania domowe\Library - Kopia\Library\Debug\link.1580-rc.write.1.tlog
E:\AGA studia\Semestr 2\JPWP\zadania domowe\Library - Kopia\Library\Debug\link.1580.read.1.tlog
E:\AGA studia\Semestr 2\JPWP\zadania domowe\Library - Kopia\Library\Debug\link.1580.write.1.tlog
E:\AGA studia\Semestr 2\JPWP\zadania domowe\Library - Kopia\Library\Debug\link.1876-cvtres.read.1.tlog
E:\AGA studia\Semestr 2\JPWP\zadania domowe\Library - Kopia\Library\Debug\link.1876-cvtres.write.1.tlog
E:\AGA studia\Semestr 2\JPWP\zadania domowe\Library - Kopia\Library\Debug\link.1876-rc.read.1.tlog
E:\AGA studia\Semestr 2\JPWP\zadania domowe\Library - Kopia\Library\Debug\link.1876-rc.write.1.tlog
E:\AGA studia\Semestr 2\JPWP\zadania domowe\Library - Kopia\Library\Debug\link.1876.read.1.tlog
E:\AGA studia\Semestr 2\JPWP\zadania domowe\Library - Kopia\Library\Debug\link.1876.write.1.tlog
E:\AGA studia\Semestr 2\JPWP\zadania domowe\Library - Kopia\Library\Debug\link.2056-cvtres.read.1.tlog
E:\AGA studia\Semestr 2\JPWP\zadania domowe\Library - Kopia\Library\Debug\link.2056-cvtres.write.1.tlog
E:\AGA studia\Semestr 2\JPWP\zadania domowe\Library - Kopia\Library\Debug\link.2056-rc.read.1.tlog
E:\AGA studia\Semestr 2\JPWP\zadania domowe\Library - Kopia\Library\Debug\link.2056-rc.write.1.tlog
E:\AGA studia\Semestr 2\JPWP\zadania domowe\Library - Kopia\Library\Debug\link.2056.read.1.tlog
E:\AGA studia\Semestr 2\JPWP\zadania domowe\Library - Kopia\Library\Debug\link.2056.write.1.tlog
E:\AGA studia\Semestr 2\JPWP\zadania domowe\Library - Kopia\Library\Debug\link.2844-cvtres.read.1.tlog
E:\AGA studia\Semestr 2\JPWP\zadania domowe\Library - Kopia\Library\Debug\link.2844-cvtres.write.1.tlog
E:\AGA studia\Semestr 2\JPWP\zadania domowe\Library - Kopia\Library\Debug\link.2844-rc.read.1.tlog
E:\AGA studia\Semestr 2\JPWP\zadania domowe\Library - Kopia\Library\Debug\link.2844-rc.write.1.tlog
E:\AGA studia\Semestr 2\JPWP\zadania domowe\Library - Kopia\Library\Debug\link.2844.read.1.tlog
E:\AGA studia\Semestr 2\JPWP\zadania domowe\Library - Kopia\Library\Debug\link.2844.write.1.tlog
E:\AGA studia\Semestr 2\JPWP\zadania domowe\Library - Kopia\Library\Debug\link.3436-cvtres.read.1.tlog
E:\AGA studia\Semestr 2\JPWP\zadania domowe\Library - Kopia\Library\Debug\link.3436-cvtres.write.1.tlog
E:\AGA studia\Semestr 2\JPWP\zadania domowe\Library - Kopia\Library\Debug\link.3436-rc.read.1.tlog
E:\AGA studia\Semestr 2\JPWP\zadania domowe\Library - Kopia\Library\Debug\link.3436-rc.write.1.tlog
E:\AGA studia\Semestr 2\JPWP\zadania domowe\Library - Kopia\Library\Debug\link.3436.read.1.tlog
E:\AGA studia\Semestr 2\JPWP\zadania domowe\Library - Kopia\Library\Debug\link.3436.write.1.tlog
E:\AGA studia\Semestr 2\JPWP\zadania domowe\Library - Kopia\Library\Debug\link.4068-cvtres.read.1.tlog
E:\AGA studia\Semestr 2\JPWP\zadania domowe\Library - Kopia\Library\Debug\link.4068-cvtres.write.1.tlog
E:\AGA studia\Semestr 2\JPWP\zadania domowe\Library - Kopia\Library\Debug\link.4068-rc.read.1.tlog
E:\AGA studia\Semestr 2\JPWP\zadania domowe\Library - Kopia\Library\Debug\link.4068-rc.write.1.tlog
E:\AGA studia\Semestr 2\JPWP\zadania domowe\Library - Kopia\Library\Debug\link.4068.read.1.tlog
E:\AGA studia\Semestr 2\JPWP\zadania domowe\Library - Kopia\Library\Debug\link.4068.write.1.tlog
E:\AGA studia\Semestr 2\JPWP\zadania domowe\Library - Kopia\Library\Debug\link.4152-cvtres.read.1.tlog
E:\AGA studia\Semestr 2\JPWP\zadania domowe\Library - Kopia\Library\Debug\link.4152-cvtres.write.1.tlog
E:\AGA studia\Semestr 2\JPWP\zadania domowe\Library - Kopia\Library\Debug\link.4152-rc.read.1.tlog
E:\AGA studia\Semestr 2\JPWP\zadania domowe\Library - Kopia\Library\Debug\link.4152-rc.write.1.tlog
E:\AGA studia\Semestr 2\JPWP\zadania domowe\Library - Kopia\Library\Debug\link.4152.read.1.tlog
E:\AGA studia\Semestr 2\JPWP\zadania domowe\Library - Kopia\Library\Debug\link.4152.write.1.tlog
E:\AGA studia\Semestr 2\JPWP\zadania domowe\Library - Kopia\Library\Debug\link.4204-cvtres.read.1.tlog
E:\AGA studia\Semestr 2\JPWP\zadania domowe\Library - Kopia\Library\Debug\link.4204-cvtres.write.1.tlog
E:\AGA studia\Semestr 2\JPWP\zadania domowe\Library - Kopia\Library\Debug\link.4204-rc.read.1.tlog
E:\AGA studia\Semestr 2\JPWP\zadania domowe\Library - Kopia\Library\Debug\link.4204-rc.write.1.tlog
E:\AGA studia\Semestr 2\JPWP\zadania domowe\Library - Kopia\Library\Debug\link.4204.read.1.tlog
E:\AGA studia\Semestr 2\JPWP\zadania domowe\Library - Kopia\Library\Debug\link.4204.write.1.tlog
E:\AGA studia\Semestr 2\JPWP\zadania domowe\Library - Kopia\Library\Debug\link.4276-cvtres.read.1.tlog
E:\AGA studia\Semestr 2\JPWP\zadania domowe\Library - Kopia\Library\Debug\link.4276-cvtres.write.1.tlog
E:\AGA studia\Semestr 2\JPWP\zadania domowe\Library - Kopia\Library\Debug\link.4276-rc.read.1.tlog
E:\AGA studia\Semestr 2\JPWP\zadania domowe\Library - Kopia\Library\Debug\link.4276-rc.write.1.tlog
E:\AGA studia\Semestr 2\JPWP\zadania domowe\Library - Kopia\Library\Debug\link.4276.read.1.tlog
E:\AGA studia\Semestr 2\JPWP\zadania domowe\Library - Kopia\Library\Debug\link.4276.write.1.tlog
E:\AGA studia\Semestr 2\JPWP\zadania domowe\Library - Kopia\Library\Debug\link.4736-cvtres.read.1.tlog
E:\AGA studia\Semestr 2\JPWP\zadania domowe\Library - Kopia\Library\Debug\link.4736-cvtres.write.1.tlog
E:\AGA studia\Semestr 2\JPWP\zadania domowe\Library - Kopia\Library\Debug\link.4736-rc.read.1.tlog
E:\AGA studia\Semestr 2\JPWP\zadania domowe\Library - Kopia\Library\Debug\link.4736-rc.write.1.tlog
E:\AGA studia\Semestr 2\JPWP\zadania domowe\Library - Kopia\Library\Debug\link.4736.read.1.tlog
E:\AGA studia\Semestr 2\JPWP\zadania domowe\Library - Kopia\Library\Debug\link.4736.write.1.tlog
E:\AGA studia\Semestr 2\JPWP\zadania domowe\Library - Kopia\Library\Debug\link.4980-cvtres.read.1.tlog
E:\AGA studia\Semestr 2\JPWP\zadania domowe\Library - Kopia\Library\Debug\link.4980-cvtres.write.1.tlog
E:\AGA studia\Semestr 2\JPWP\zadania domowe\Library - Kopia\Library\Debug\link.4980-rc.read.1.tlog
E:\AGA studia\Semestr 2\JPWP\zadania domowe\Library - Kopia\Library\Debug\link.4980-rc.write.1.tlog
E:\AGA studia\Semestr 2\JPWP\zadania domowe\Library - Kopia\Library\Debug\link.4980.read.1.tlog
E:\AGA studia\Semestr 2\JPWP\zadania domowe\Library - Kopia\Library\Debug\link.4980.write.1.tlog
E:\AGA studia\Semestr 2\JPWP\zadania domowe\Library - Kopia\Library\Debug\link.5348-cvtres.read.1.tlog
E:\AGA studia\Semestr 2\JPWP\zadania domowe\Library - Kopia\Library\Debug\link.5348-cvtres.write.1.tlog
E:\AGA studia\Semestr 2\JPWP\zadania domowe\Library - Kopia\Library\Debug\link.5348-rc.read.1.tlog
E:\AGA studia\Semestr 2\JPWP\zadania domowe\Library - Kopia\Library\Debug\link.5348-rc.write.1.tlog
E:\AGA studia\Semestr 2\JPWP\zadania domowe\Library - Kopia\Library\Debug\link.5348.read.1.tlog
E:\AGA studia\Semestr 2\JPWP\zadania domowe\Library - Kopia\Library\Debug\link.5348.write.1.tlog
E:\AGA studia\Semestr 2\JPWP\zadania domowe\Library - Kopia\Library\Debug\link.5396-cvtres.read.1.tlog
E:\AGA studia\Semestr 2\JPWP\zadania domowe\Library - Kopia\Library\Debug\link.5396-cvtres.write.1.tlog
E:\AGA studia\Semestr 2\JPWP\zadania domowe\Library - Kopia\Library\Debug\link.5396-rc.read.1.tlog
E:\AGA studia\Semestr 2\JPWP\zadania domowe\Library - Kopia\Library\Debug\link.5396-rc.write.1.tlog
E:\AGA studia\Semestr 2\JPWP\zadania domowe\Library - Kopia\Library\Debug\link.5396.read.1.tlog
E:\AGA studia\Semestr 2\JPWP\zadania domowe\Library - Kopia\Library\Debug\link.5396.write.1.tlog
E:\AGA studia\Semestr 2\JPWP\zadania domowe\Library - Kopia\Library\Debug\link.5872-cvtres.read.1.tlog
E:\AGA studia\Semestr 2\JPWP\zadania domowe\Library - Kopia\Library\Debug\link.5872-cvtres.write.1.tlog
E:\AGA studia\Semestr 2\JPWP\zadania domowe\Library - Kopia\Library\Debug\link.5872-rc.read.1.tlog
E:\AGA studia\Semestr 2\JPWP\zadania domowe\Library - Kopia\Library\Debug\link.5872-rc.write.1.tlog
E:\AGA studia\Semestr 2\JPWP\zadania domowe\Library - Kopia\Library\Debug\link.5872.read.1.tlog
E:\AGA studia\Semestr 2\JPWP\zadania domowe\Library - Kopia\Library\Debug\link.5872.write.1.tlog
E:\AGA studia\Semestr 2\JPWP\zadania domowe\Library - Kopia\Library\Debug\link.6044-cvtres.read.1.tlog
E:\AGA studia\Semestr 2\JPWP\zadania domowe\Library - Kopia\Library\Debug\link.6044-cvtres.write.1.tlog
E:\AGA studia\Semestr 2\JPWP\zadania domowe\Library - Kopia\Library\Debug\link.6044-rc.read.1.tlog
E:\AGA studia\Semestr 2\JPWP\zadania domowe\Library - Kopia\Library\Debug\link.6044-rc.write.1.tlog
E:\AGA studia\Semestr 2\JPWP\zadania domowe\Library - Kopia\Library\Debug\link.6044.read.1.tlog
E:\AGA studia\Semestr 2\JPWP\zadania domowe\Library - Kopia\Library\Debug\link.6044.write.1.tlog
E:\AGA studia\Semestr 2\JPWP\zadania domowe\Library - Kopia\Library\Debug\link.6056-cvtres.read.1.tlog
E:\AGA studia\Semestr 2\JPWP\zadania domowe\Library - Kopia\Library\Debug\link.6056-cvtres.write.1.tlog
E:\AGA studia\Semestr 2\JPWP\zadania domowe\Library - Kopia\Library\Debug\link.6056-rc.read.1.tlog
E:\AGA studia\Semestr 2\JPWP\zadania domowe\Library - Kopia\Library\Debug\link.6056-rc.write.1.tlog
E:\AGA studia\Semestr 2\JPWP\zadania domowe\Library - Kopia\Library\Debug\link.6056.read.1.tlog
E:\AGA studia\Semestr 2\JPWP\zadania domowe\Library - Kopia\Library\Debug\link.6056.write.1.tlog
E:\AGA studia\Semestr 2\JPWP\zadania domowe\Library - Kopia\Library\Debug\link.6376-cvtres.read.1.tlog
E:\AGA studia\Semestr 2\JPWP\zadania domowe\Library - Kopia\Library\Debug\link.6376-cvtres.write.1.tlog
E:\AGA studia\Semestr 2\JPWP\zadania domowe\Library - Kopia\Library\Debug\link.6376-rc.read.1.tlog
E:\AGA studia\Semestr 2\JPWP\zadania domowe\Library - Kopia\Library\Debug\link.6376-rc.write.1.tlog
E:\AGA studia\Semestr 2\JPWP\zadania domowe\Library - Kopia\Library\Debug\link.6376.read.1.tlog
E:\AGA studia\Semestr 2\JPWP\zadania domowe\Library - Kopia\Library\Debug\link.6376.write.1.tlog
E:\AGA studia\Semestr 2\JPWP\zadania domowe\Library - Kopia\Library\Debug\link.6568-cvtres.read.1.tlog
E:\AGA studia\Semestr 2\JPWP\zadania domowe\Library - Kopia\Library\Debug\link.6568-cvtres.write.1.tlog
E:\AGA studia\Semestr 2\JPWP\zadania domowe\Library - Kopia\Library\Debug\link.6568-rc.read.1.tlog
E:\AGA studia\Semestr 2\JPWP\zadania domowe\Library - Kopia\Library\Debug\link.6568-rc.write.1.tlog
E:\AGA studia\Semestr 2\JPWP\zadania domowe\Library - Kopia\Library\Debug\link.6568.read.1.tlog
E:\AGA studia\Semestr 2\JPWP\zadania domowe\Library - Kopia\Library\Debug\link.6568.write.1.tlog
E:\AGA studia\Semestr 2\JPWP\zadania domowe\Library - Kopia\Library\Debug\link.6588-cvtres.read.1.tlog
E:\AGA studia\Semestr 2\JPWP\zadania domowe\Library - Kopia\Library\Debug\link.6588-cvtres.write.1.tlog
E:\AGA studia\Semestr 2\JPWP\zadania domowe\Library - Kopia\Library\Debug\link.6588-rc.read.1.tlog
E:\AGA studia\Semestr 2\JPWP\zadania domowe\Library - Kopia\Library\Debug\link.6588-rc.write.1.tlog
E:\AGA studia\Semestr 2\JPWP\zadania domowe\Library - Kopia\Library\Debug\link.6588.read.1.tlog
E:\AGA studia\Semestr 2\JPWP\zadania domowe\Library - Kopia\Library\Debug\link.6588.write.1.tlog
E:\AGA studia\Semestr 2\JPWP\zadania domowe\Library - Kopia\Library\Debug\link.6596-cvtres.read.1.tlog
E:\AGA studia\Semestr 2\JPWP\zadania domowe\Library - Kopia\Library\Debug\link.6596-cvtres.write.1.tlog
E:\AGA studia\Semestr 2\JPWP\zadania domowe\Library - Kopia\Library\Debug\link.6596-rc.read.1.tlog
E:\AGA studia\Semestr 2\JPWP\zadania domowe\Library - Kopia\Library\Debug\link.6596-rc.write.1.tlog
E:\AGA studia\Semestr 2\JPWP\zadania domowe\Library - Kopia\Library\Debug\link.6596.read.1.tlog
E:\AGA studia\Semestr 2\JPWP\zadania domowe\Library - Kopia\Library\Debug\link.6596.write.1.tlog
E:\AGA studia\Semestr 2\JPWP\zadania domowe\Library - Kopia\Library\Debug\link.command.1.tlog
E:\AGA studia\Semestr 2\JPWP\zadania domowe\Library - Kopia\Library\Debug\link.read.1.tlog
E:\AGA studia\Semestr 2\JPWP\zadania domowe\Library - Kopia\Library\Debug\link.write.1.tlog
E:\AGA studia\Semestr 2\JPWP\zadania domowe\Library - Kopia\Library\Debug\metagen.read.1.tlog
E:\AGA studia\Semestr 2\JPWP\zadania domowe\Library - Kopia\Library\Debug\metagen.write.1.tlog
E:\AGA studia\Semestr 2\JPWP\zadania domowe\Library - Kopia\Library\Debug\vc110.pdb
E:\AGA studia\Semestr 2\JPWP\zadania domowe\Library - Kopia\Library\Debug\RSAENH.DLL.bi
E:\AGA studia\Semestr 2\JPWP\zadania domowe\Library - Kopia\Library\Debug\TZRES.DLL.bi
E:\AGA studia\Semestr 2\JPWP\zadania domowe\Library - Kopia\Debug\Library.pdb
E:\AGA studia\Semestr 2\JPWP\zadania domowe\Library - Kopia\Debug\Library.exe
E:\AGA studia\Semestr 2\JPWP\zadania domowe\Library - Kopia\Debug\Library.ilk
